
                               Sentaurus Device 

                  Version X-2025.09 for linux64 - Aug 15, 2025
          Changelist number: 10041611, Compile host: sce-tcad-5137-001

                    Copyright (c) 1994 - 2025 Synopsys, Inc.
   This software and the associated documentation are proprietary to Synopsys,
 Inc. This software may only be used in accordance with the terms and conditions
 of a written license agreement with Synopsys, Inc. All other use, reproduction,
   or distribution of this software is strictly prohibited.  Licensed Products
     communicate with Synopsys servers for the purpose of providing software
    updates, detecting software piracy and verifying that customers are using
    Licensed Products in conformity with the applicable License Key for such
  Licensed Products. Synopsys will use information gathered in connection with
    this process to deliver software updates and pursue software pirates and
                                   infringers.

 Inclusivity & Diversity - Visit SolvNetPlus to read the "Synopsys Statement on
            Inclusivity and Diversity" (Refer to article 000036315 at
                        https://solvnetplus.synopsys.com)

	Running on machine with the following configuration:
	Host Name: vcl-vm0-159
	Operating System: Linux rel. 4.18.0-553.27.1.el8_10.x86_64 ver. #1 SMP Wed Nov 6 14:29:02 UTC 2024
	Machine Type: x86_64
	Process ID: 4814
	Number of processors: 4
	Domain Name: (none)
	Date: Mon Feb  9 08:50:28 2026  (EDT)

Parsing "/CMC/tools/synopsys/sentaurus_vX_2025.09/sentaurus/tcad/current/lib/Molefraction.txt"
Inputfile = mim_device.cmd
Mon Feb  9 08:50:28 2026: checked out 1 sdevice license(s)
Parsing circuit file /CMC/tools/synopsys/sentaurus_vX_2025.09/sentaurus/tcad/current/linux64/lib/sdevice/sd_hb_isource.ccf
Parsing circuit file /CMC/tools/synopsys/sentaurus_vX_2025.09/sentaurus/tcad/current/linux64/lib/sdevice/bs_psource.ccf
Parsing circuit file /CMC/tools/synopsys/sentaurus_vX_2025.09/sentaurus/tcad/current/linux64/lib/sdevice/sd_SRL1.ccf
Parsing circuit file /CMC/tools/synopsys/sentaurus_vX_2025.09/sentaurus/tcad/current/linux64/lib/sdevice/sd_hb_vsource2.ccf
Parsing circuit file /CMC/tools/synopsys/sentaurus_vX_2025.09/sentaurus/tcad/current/linux64/lib/sdevice/sd_hb_pGC.ccf
Parsing circuit file /CMC/tools/synopsys/sentaurus_vX_2025.09/sentaurus/tcad/current/linux64/lib/sdevice/sd_hb_sRL.ccf
Parsing circuit file /CMC/tools/synopsys/sentaurus_vX_2025.09/sentaurus/tcad/current/linux64/lib/sdevice/sd_hb_vsource.ccf
Parsing circuit file /CMC/tools/synopsys/sentaurus_vX_2025.09/sentaurus/tcad/current/linux64/lib/sdevice/sd_hb_isource2.ccf
Parsing circuit file /CMC/tools/synopsys/sentaurus_vX_2025.09/sentaurus/tcad/current/linux64/lib/scm/ferroelectric.ccf
Parsing circuit file /CMC/tools/synopsys/sentaurus_vX_2025.09/sentaurus/tcad/current/linux64/lib/scm/satinductor.ccf
Parsing circuit file /CMC/tools/synopsys/sentaurus_vX_2025.09/sentaurus/tcad/current/linux64/lib/scm/MOS_harness.ccf
Loading shared object file /CMC/tools/synopsys/sentaurus_vX_2025.09/sentaurus/tcad/current/linux64/lib/scm/MOS_harness.so.linux64
Loading shared object file /CMC/tools/synopsys/sentaurus_vX_2025.09/sentaurus/tcad/current/linux64/lib/scm/satinductor.so.linux64
Loading shared object file /CMC/tools/synopsys/sentaurus_vX_2025.09/sentaurus/tcad/current/linux64/lib/scm/ferroelectric.so.linux64
Loading shared object file /CMC/tools/synopsys/sentaurus_vX_2025.09/sentaurus/tcad/current/linux64/lib/sdevice/sd_hb_isource2.so.linux64
Loading shared object file /CMC/tools/synopsys/sentaurus_vX_2025.09/sentaurus/tcad/current/linux64/lib/sdevice/sd_hb_vsource.so.linux64
Loading shared object file /CMC/tools/synopsys/sentaurus_vX_2025.09/sentaurus/tcad/current/linux64/lib/sdevice/sd_hb_sRL.so.linux64
Loading shared object file /CMC/tools/synopsys/sentaurus_vX_2025.09/sentaurus/tcad/current/linux64/lib/sdevice/sd_hb_pGC.so.linux64
Loading shared object file /CMC/tools/synopsys/sentaurus_vX_2025.09/sentaurus/tcad/current/linux64/lib/sdevice/sd_hb_vsource2.so.linux64
Loading shared object file /CMC/tools/synopsys/sentaurus_vX_2025.09/sentaurus/tcad/current/linux64/lib/sdevice/sd_SRL1.so.linux64
Loading shared object file /CMC/tools/synopsys/sentaurus_vX_2025.09/sentaurus/tcad/current/linux64/lib/sdevice/bs_psource.so.linux64
Loading shared object file /CMC/tools/synopsys/sentaurus_vX_2025.09/sentaurus/tcad/current/linux64/lib/sdevice/sd_hb_isource.so.linux64
Mon Feb  9 08:50:28 2026: checked out 1 sdevice-traps license(s)

Input source: mim_device.cmd

===============================

Output file: memdev_des.log

no ACExtract file

PMIPath file: /CMC/tools/synopsys/sentaurus_vX_2025.09/sentaurus/tcad/current/linux64/lib/sdevice

CMIPath file: /CMC/tools/synopsys/sentaurus_vX_2025.09/sentaurus/tcad/current/linux64/lib/sdevice /CMC/tools/synopsys/sentaurus_vX_2025.09/sentaurus/tcad/current/linux64/lib/scm

SPICEPath file: 

no DevicePath file

no CIRCUITSAVENAME file

no CIRCUITLOADNAME file

Numerical parameters:
  Absolute error : 
    Poisson : 1.0000e-03
    eqPoisson : 1.0000e-03
    Electron : 1.0000e-05
    Hole : 1.0000e-05
    Photon-Rate-Equation : 1.0000e-07
    Photon-Phase-Equation : 1.0000e-05
    Rate-Stabilize-Equation : 1.0000e-07
    QW-Scattering-Equations : 1.0000e-05
    QW-eScattering-Equation : 1.0000e-05
    QW-hScattering-Equation : 1.0000e-05
    Optical Problem : 1.0000e-03
    Wavelength : 1.0000e-03
    Bandstructure : 1.0000e-03
    EmissionTable : 1.0000e-03
    DephasingRates : 1.0000e-03
    Photon Recycling : 1.0000e-03
    Electron-Temperature : 1.0000e-04
    Hole-Temperature : 1.0000e-04
    Lattice-Hole-Electron-Temperature : 1.0000e-03
    Circuit : 1.0000e-03
    TCircuit : 1.0000e-03
    Contact : 1.0000e-03
    TContact : 1.0000e-03
    Continuation : 1.0000e-03
    eLaplace : 1.0000e-03
    hLaplace : 1.0000e-03
    tLaplace : 1.0000e-03
    electron quasi-fermi-potential : 1.0000e-03
    hole quasi-fermi-potential : 1.0000e-03
    MonteCarlo : 1.0000e-03
    MCPoissonPDE : 1.0000e-03
    eQuantumPotential : 1.0000e-03
    hQuantumPotential : 1.0000e-03
    quasi-fermi-potential : 1.0000e-03
    ConductiveInsulator : 1.0000e-03
    ContactAndConductiveInsulator : 1.0000e-03
    SingletExciton : 1.0000e-05
    FEPolarization : 1.0000e-05
    FEPolarizationX : 1.0000e-05
    FEPolarizationY : 1.0000e-05
    FEPolarizationZ : 1.0000e-05
    FEPolDivFree : 1.0000e-03
    eHopping : 1.0000e-03
    hHopping : 1.0000e-03
    HydrogenAtom : 1.0000e-03
    HydrogenMolecule : 1.0000e-03
    HydrogenIon : 1.0000e-03
    HydrogenSpeciesA : 1.0000e-03
    HydrogenSpeciesB : 1.0000e-03
    HydrogenSpeciesC : 1.0000e-03
    HydrogenSiliconBondOccupation : 1.0000e-03
    TrapPDE : 1.0000e-03
    eSHEDistribution : 1.0000e-03
    hSHEDistribution : 1.0000e-03
    Landau-Lifshitz-Gilbert[theta] : 1.0000e-03
    Landau-Lifshitz-Gilbert[phi] : 1.0000e-03
    Landau-Lifshitz-Gilbert[x] : 1.0000e-03
    Landau-Lifshitz-Gilbert[y] : 1.0000e-03
    Landau-Lifshitz-Gilbert[z] : 1.0000e-03
    Mechanics : 1.0000e-03
    ExternalTransportSolver : 1.0000e-03
    ReactionDiffusionPDE : 1.0000e-03
    eDensity_Valley1 : 1.0000e-05
    eDensity_Valley2 : 1.0000e-05
    eDensity_Valley3 : 1.0000e-05
    eDensity_Valley4 : 1.0000e-05
    hDensity_Valley1 : 1.0000e-05
    hDensity_Valley2 : 1.0000e-05
    hDensity_Valley3 : 1.0000e-05
    hDensity_Valley4 : 1.0000e-05
    eMVTransitionRate : 1.0000e-05
    hMVTransitionRate : 1.0000e-05
  RelErrControl (Reference error): 
    Poisson : 0.025852
    eqPoisson : 1
    Electron : 1.0000e+10
    Hole : 1.0000e+10
    Photon-Rate-Equation : 1.0000e-07
    Photon-Phase-Equation : 1
    Rate-Stabilize-Equation : 1.0000e-07
    QW-Scattering-Equations : 1.0000e+10
    QW-eScattering-Equation : 1.0000e+10
    QW-hScattering-Equation : 1.0000e+10
    Optical Problem : 1
    Wavelength : 1
    Bandstructure : 1
    EmissionTable : 1
    DephasingRates : 1
    Photon Recycling : 1
    Electron-Temperature : 3.0000e+02
    Hole-Temperature : 3.0000e+02
    Lattice-Hole-Electron-Temperature : 3.0000e+02
    Circuit : 1
    TCircuit : 1
    Contact : 0.025852
    TContact : 1
    Continuation : 1
    eLaplace : 1
    hLaplace : 1
    tLaplace : 1
    electron quasi-fermi-potential : 0.025852
    hole quasi-fermi-potential : 0.025852
    MonteCarlo : 1
    MCPoissonPDE : 1
    eQuantumPotential : 0.025852
    hQuantumPotential : 0.025852
    quasi-fermi-potential : 0.025852
    ConductiveInsulator : 1
    ContactAndConductiveInsulator : 1
    SingletExciton : 1.0000e+10
    FEPolarization : 0.025852
    FEPolarizationX : 0.025852
    FEPolarizationY : 0.025852
    FEPolarizationZ : 0.025852
    FEPolDivFree : 1
    eHopping : 0.025852
    hHopping : 0.025852
    HydrogenAtom : 1.0000e+10
    HydrogenMolecule : 1.0000e+10
    HydrogenIon : 1.0000e+10
    HydrogenSpeciesA : 1.0000e+10
    HydrogenSpeciesB : 1.0000e+10
    HydrogenSpeciesC : 1.0000e+10
    HydrogenSiliconBondOccupation : 1
    TrapPDE : 1.0000e-05
    eSHEDistribution : 0.025852
    hSHEDistribution : 0.025852
    Landau-Lifshitz-Gilbert[theta] : 1
    Landau-Lifshitz-Gilbert[phi] : 1
    Landau-Lifshitz-Gilbert[x] : 1
    Landau-Lifshitz-Gilbert[y] : 1
    Landau-Lifshitz-Gilbert[z] : 1
    Mechanics : 1
    ExternalTransportSolver : 1
    ReactionDiffusionPDE : 1
    eDensity_Valley1 : 1.0000e+10
    eDensity_Valley2 : 1.0000e+10
    eDensity_Valley3 : 1.0000e+10
    eDensity_Valley4 : 1.0000e+10
    hDensity_Valley1 : 1.0000e+10
    hDensity_Valley2 : 1.0000e+10
    hDensity_Valley3 : 1.0000e+10
    hDensity_Valley4 : 1.0000e+10
    eMVTransitionRate : 1.0000e+10
    hMVTransitionRate : 1.0000e+10
  Relative error : 5 digits
  Without checked transient error
  Max. #iterations : 30
  LineSearchDamping=1
  #undamped iterations : 50
  No incomplete Newton
  transient method : TR-BDF
  Linear solver : blocked decomposition
  Linear solver for AC analysis : blocked decomposition
  Linear solver for SHEDistribution Model : Super
  use linear extrapolation in transient/quasistationary computations
  use complex supernodal in ac-analysis (if possible)
  do not use smoothed PDE's in transient/quasistationary computations
  use automatic coupling of contact/circuit stuff
  Spice temperature: 3.0015e+02
  Spice nominal temperature of parameter measurements: 3.0015e+02
  Spice minimum conductance gmin: 1.0000e-12
  Use 64 bit (double) normal precision floating point arithmetic.
  Mininum |rhs| : 1.0000e-05
  Maximum |rhs| (transient): 1.0000e+15
  Maximum |rhs| (non-transient): 1.0000e+100
  Maximum |rhs| factor : 1.0000e+10
  Maximum |rhs| factor1 : 1.0000e+100
  Lattice Temperature Range : (50,5.0000e+03)
  Carrier Temperature Range : (10,8.0000e+04)
  Simplified first order SHE of BTE will be solved
  SHERefinementCutoff : 20
  No user dependencies.
  Number of assembly threads: 1 (default)
  Number of solver threads: 1 (OMP_NUM_THREADS)
  Go serial if not enough parallel licenses are available.
  Model: Math  Switched on

Default device parameters:
  Electrodes:
    "top" : 0.0000e+00 V (Ohmic), area factor : 1
    "bottom" : 0.0000e+00 V (Ohmic), area factor : 1
  RayTrace Boundaries:
  Files:
    no Boundary file
    Grid file: memdev_msh.tdr
    no Doping file
    no MobilityDoping file
    MIMCurrent file: mim_device_mimcur_des.plt
    no MIMDefects file
    no InitialDefects file
    no CyclicNorm file
    no MIMBand file
    MIMSensitivity file: mim_device_mimsa_des.tdr
    no Load file
    no Save file
    Plot file: memdev (extension see below)
    no DevFieldsName file
    AutoNewtonPlot file: memdev_%ld_des.tdr
    no Path file
    no Lifetime file
    no Temperature file
    Current file: memdev_des.plt
    no PMIUserFields file
    no Extraction file
    no ModelParameters file
    ParameterPath directories: 
    no Piezo file
    no mcDOS file
    no ModeGain file
    no Optical emission table for stimulated emission file
    no Optical emission table for spontaneous emission file
    no Optical emission table for photon phase change coefficient file
    no EmissionTable file
    no DephasingRates file
    no OpticalFarField file
    no OpticalIntensityPattern file
    no SaveOpticalIntensityPattern file
    no IlluminationSpectrum file
    no SpectralPlot file
    no PlotCarrierPath file
    no OpticalSolverInput file
    no OpticalGenerationInput file
    no OpticalGenerationOutuput file
    no OptGenTransientScaling file
    no MonteCarloInput file
    no MonteCarloOutput file
    no ACPlot file
-----------------------------------------------
  Numerical parameters:
    With avalanche derivatives
    Using New Plot Names
    Using old wavelength search algorithm
    Do not reinitialize quasi Fermi potentials in quasi-stationary simulations
    Ignore ionization integral constraints
    Without diagonal preconditioning
    With Scharfetter-Gummel Discretization
    Relative error : 5 digits
    Delta for numerical tunnelling derivatives : 1.0000e-03
    Linear solver (submethod) : Pardiso
    Do not compute breakdown paths, ionization integrals, and Off-state Breakdown Analysis (OBA)
    QuasiFermiPotential is used for Contact Equation
With usage of best vertex in element (maximum element-vertex volume angle) for impact ionization models
-----------------------------------------------
-----------------------------------------------
Physical models:
  Without incomplete ionization
  Use Si parameters
  TATNonlocalPathNC = 0.0000e+00
  With SRH-Recombination
    Without field dependent lifetimes
    Without doping dependent lifetimes
    Without temperature dependent lifetimes
  Without CDL-Recombination
  With optical generation computation 
  With electron non local Barrier Tunneling
  With hole non local Barrier Tunneling
  Without Band-to-Band-Tunneling
  Without Auger-Recombination
  Without Radiative Recombination
  Without Surface-Recombination
  Without Trap-Assisted-Auger-Recombination
  PMI recombination models: none
  Without thermal resistance interfaces
  Without distributed resistance interfaces for electrons
  Without distributed resistance interfaces for holes
  Without Piezo
  Without Anisotropic Material Properties
  Without Avalanche-Generation 
  Without Alpha Particle
  Without Heavy Ion
  Without polarization
  Volume charge density: 0.0000e+00 cm^-3
  Device Temperature = 3.0000e+02 K
  Electron Quasi Fermi Potential: 0.0000e+00 V
  Hole Quasi Fermi Potential: 0.0000e+00 V
  Without MagneticField
  With SingletExciton Barrier Type
  Fermi Statistic 
  Intrinsic density models:
    default bandgap model
    Bandgap narrowing model: OldSlotboom with bandgap narrowing (Fermi)
  default affinity model
  default effective mass model
  Electron mobility:
    Doping dependence:
      Default
    no Carrier-Carrier scattering
    no bulk trap Coulomb scattering 
    E_normal dependence:
      Lombardi
    Without ThinLayer mobility model
    High-field mobility: Caughey-Thomas saturation model, using gradient quasi-Fermi potential
    Einstein relation for diffusivity-mobility ratio
    no band tail high-field mobility
  Hole mobility:
    Doping dependence:
      Default
    no Carrier-Carrier scattering
    no bulk trap Coulomb scattering 
    E_normal dependence:
      Lombardi
    Without ThinLayer mobility model
    High-field mobility: Caughey-Thomas saturation model, using gradient quasi-Fermi potential
    Einstein relation for diffusivity-mobility ratio
    no band tail high-field mobility
  Energy relaxation time model: according to formula in parameter file
  Schottky resistance model: default bult-in model
  Lattice thermal conductivity model: according to formula in parameter file
  Metal Resistivity model: according to formula in parameter file
  Thermo Electric Power model: according to formula in parameter file
  Metal Thermo Electric Power model: MetalThermoElectricPower model not defined
  Lattice heat capacity model: temperature dependent
  no piezoelectric polarization model
  With default parameters from file
-----------------------------------------------
- - - - - - - - - - - - - - - - - - - - - - - - 
The following Physical models have been changed
              for Region = 'R.Oxide'
  Without thermal resistance interfaces
  Without distributed resistance interfaces for electrons
  Without distributed resistance interfaces for holes
  With Bulk Traps:
    Trap Entry: DefaultName_0
    Acceptor Trap Level from Conduction Band
    Concentration = 1.0000e+18 cm^-3,     Energy = 0.5 eV
    Electron X-section = 1.0000e-15 cm^2, Hole X-section = 1.0000e-15 cm^2
    Nonlocal tunneling between trap and conduction band
    Nonlocal tunneling between trap and valence band
- - - - - - - - - - - - - - - - - - - - - - - -
Process information for extraction purposes:
  none
Plot variables:
  eDensity
  hDensity
  eCurrentDensity
  hCurrentDensity
  ElectricField
  ElectrostaticPotential
  SpaceCharge
  eBarrierTunneling
  hBarrierTunneling
  NonLocalDirection
  NonLocalBackDirection
  eTrappedCharge
  hTrappedCharge
  TotalCurrentDensity

------------------------------------------------
NoisePlot variables:
  none
Plot groups:
  none

------------------------------------------------
CurrentPlot variables:
  none
------------------------------------------------
CarrierPathPlot variables:
  none
------------------------------------------------
Devices:
Systems:
Solve BEGIN:
 Poisson
Coupled ( Digits : 5, Max. #iterations : 100, 
    Solver : blocked decomposition,
    #undamped iterations : 50 
    )
    { Poisson Electron Hole } 
Quasistationary ( Digits : 5, Max. #iterations : 30, 
      Initial step in t : 0.01, 
      Minimum step in t : 1.0000e-06, Maximum step in t : 0.05, 
      Increment : 1.5, Decrement : 2, 
      Goal values :
        Contact top : 1.5V
    )
  {
    Coupled ( Digits : 5, Max. #iterations : 30, 
        Solver : blocked decomposition,
        #undamped iterations : 50 
        )
        { Poisson Electron Hole } 
  }
Quasistationary ( Digits : 5, Max. #iterations : 30, 
      Initial step in t : 0.01, 
      Minimum step in t : 1.0000e-06, Maximum step in t : 0.05, 
      Increment : 1.5, Decrement : 2, 
      Goal values :
        Contact top : -1.5000e+00V
    )
  {
    Coupled ( Digits : 5, Max. #iterations : 30, 
        Solver : blocked decomposition,
        #undamped iterations : 50 
        )
        { Poisson Electron Hole } 
  }
Quasistationary ( Digits : 5, Max. #iterations : 30, 
      Initial step in t : 0.01, 
      Minimum step in t : 1.0000e-06, Maximum step in t : 0.05, 
      Increment : 1.5, Decrement : 2, 
      Goal values :
        Contact top : 0.0000e+00V
    )
  {
    Coupled ( Digits : 5, Max. #iterations : 30, 
        Solver : blocked decomposition,
        #undamped iterations : 50 
        )
        { Poisson Electron Hole } 
  }
Solve END

===============================

Reading grid 'memdev_msh.tdr' ... 
  coordinate system: UCS, 3d_sprocess (x is device down direction)
  use coordinate system as is (no transformation)
  Number of grid points is 4.
done.

Adding interfaces and contacts .... done.

Computing edges ...
  Number of edges: 10
done.
Computing boxes ...

  CVPL_AverageBoxMethod = TRUE 
   
  Boxmethod Parallel Computing: nbThreads = 1 

  Computing Delaunay coefficients ...   done.
  Delaunay coefficients time: (wallclock = 0.0000e+00 s, tcpu = 0.0000e+00 s)

  Parallel Computing Voronoi faces, coefficients, and measures ... 
  CVPL_Algorithm = TRUE 

    Computing Obtuse Elements ... 
     Obtuse Elements time:  tcpu = 0.0000e+00 s
      New Parameters time: (wallclock = 0.0000e+00 s, tcpu = 0.0000e+00 s)

Info for all regions (NumberOfRegions = 1):
        ElementWithMinVolume(     0) Vertex0(    2)( 1.000000e-01, 1.000000e-02) Volume = 5.000000e-04 um3 (5.00e-01 from TotalVolume)
          ElementWithMinEdge(     0) Vertex0(    2)( 1.000000e-01, 1.000000e-02) Length = 1.000000e-02 um
              MaxFlatElement(     1) Vertex0(    3)(-0.000000e+00, 1.000000e-02)  Angle = 9.000000e+01 degrees
         ElementWithMinAngle(     1) Vertex0(    2)(-0.000000e+00, 1.000000e-02)  Angle = 5.710593e+00 degrees
   ElementWithMaxQualityEdge(     0) Vertex0(    2)( 1.000000e-01, 1.000000e-02)    R/L = 5.024938e+00 
 ElementWithMaxQualityHeight(     0) Vertex0(    2)( 1.000000e-01, 1.000000e-02)    R/H = 5.050000e+00 

   NumberOfEdges              =     10 
   NumberOfGeometricalEdges   =      5 
   NumberOfDoubleEdges        =      0 
   MaxNumberOfEdgesPerVertex  =      3; vertex(1) = (-0.000000e+00, -0.000000e+00) [um]
   MaxNumberOfElementsPerEdge =      2; edge(0) = (1, 2) 
                                        vertex(1) = (-0.000000e+00, -0.000000e+00) [um]
                                        vertex(2) = ( 1.000000e-01,  1.000000e-02) [um]

                        NumberOfVertices =      8 
                        NumberOfElements =      2 
                       NumberOfTriangles =      2  (100.00 %)
                      NumberOfRectangles =      0  ( 0.00 %)
                  NumberOfObtuseElements =      0  ( 0.00 %)

  VertexWithMaxMeasure(    0)( 1.000000e-01,-0.000000e+00)
  MaxVertMeasure(2.500000e-04)/VertVolume(5.000000e-04) = 5.00e-01


/-------- Region non-Delaunay elements -----------------------------------------------------------------
 Region      Volume      BoxMethodVolume  DeltaVolume  Elements  non-Delaunay      non-DelaunayVolume 
  name        [um2]          [um2]           [%]                   Elements              [um2]   [%]   
 -------------------------------------------------------------------------------------------------------
 R.Oxide  1.0000000e-03  1.0000000e-03     1.2e-14         2       0 ( 0.00 %)   0.0000000e+00 ( 0.0000) 
 .......................................................................................................
 Total    1.0000000e-03  1.0000000e-03     1.2e-14         2       0 ( 0.00 %)   0.0000000e+00 ( 0.0000) 
\-------------------------------------------------------------------------------------------------------
    done.
  done.
  (times: wallclock = 0.0000e+00 s, tcpu = 0.0000e+00 s)
done.
Reading doping 'memdev_msh.tdr' ...
  coordinate system: UCS, 3d_sprocess (x is device down direction)
  use coordinate system as is (no transformation)
done.
done.
DefaultParametersFromFile: material Silicon: /CMC/tools/synopsys/sentaurus_vX_2025.09/sentaurus/tcad/current/lib/sdevice/MaterialDB/Silicon.par

Parsing parameter file /CMC/tools/synopsys/sentaurus_vX_2025.09/sentaurus/tcad/current/lib/sdevice/MaterialDB/Silicon.par ...

------------------------------------------------------------------------------------
 Reading parameters of ComplexRefractiveIndex and related sections for material "Silicon".
------------------------------------------------------------------------------------

ComplexRefractiveIndex: n_0 = 3.4500000000000002, instead of: 1 [1]
ComplexRefractiveIndex: Formula = 1, instead of: 0 [1]
Ck_carr: Ck_carr_n = 3.7100000000000003e-18, instead of: 0 [cm^2]
Ck_carr: Ck_carr_p = 3.33e-18, instead of: 0 [cm^2]
Gamma_k_carr: Gamma_k_carr_n = 3, instead of: 1 [1]
Gamma_k_carr: Gamma_k_carr_p = 3, instead of: 1 [1]

------------------------------------------------------------------------------------
 Reading parameters of ComplexRefractiveIndex and related sections for material "Silicon".
------------------------------------------------------------------------------------

SchroedingerParameters: Formula(elec) = 1, instead of: 0 [1]
SchroedingerParameters: Formula(hole) = 1, instead of: 0 [1]

------------------------------------------------------------------------------------
 Reading parameters of ComplexRefractiveIndex and related sections for material "Silicon".
------------------------------------------------------------------------------------


------------------------------------------------------------------------------------
 Reading parameters of ComplexRefractiveIndex and related sections for material "Silicon".
------------------------------------------------------------------------------------


done.
DefaultParametersFromFile: material HfO2: /CMC/tools/synopsys/sentaurus_vX_2025.09/sentaurus/tcad/current/lib/sdevice/MaterialDB/HfO2.par

Parsing parameter file /CMC/tools/synopsys/sentaurus_vX_2025.09/sentaurus/tcad/current/lib/sdevice/MaterialDB/HfO2.par ...

------------------------------------------------------------------------------------
 Reading parameters of ComplexRefractiveIndex and related sections for material "HfO2".
------------------------------------------------------------------------------------

ComplexRefractiveIndex: n_0 = 1.95, instead of: 1 [1]

------------------------------------------------------------------------------------
 Reading parameters of ComplexRefractiveIndex and related sections for material "HfO2".
------------------------------------------------------------------------------------

SchroedingerParameters: Formula(hole) = 2, instead of: 0 [1]
SchroedingerParameters: ml = 0.62996099999999999, instead of: 0 [1]
SchroedingerParameters: mh = 0.62996099999999999, instead of: 0 [1]

done.
DefaultParametersFromFile: contacts: built-in default parameters

Parsing parameter file /CMC/tools/synopsys/sentaurus_vX_2025.09/sentaurus/tcad/current/lib/sdevice/MaterialDB/HfO2.par ...

------------------------------------------------------------------------------------
 Reading parameters of ComplexRefractiveIndex and related sections for material "HfO2".
------------------------------------------------------------------------------------

ComplexRefractiveIndex: n_0 = 1.95, instead of: 1 [1]

------------------------------------------------------------------------------------
 Reading parameters of ComplexRefractiveIndex and related sections for material "HfO2".
------------------------------------------------------------------------------------

SchroedingerParameters: Formula(hole) = 2, instead of: 0 [1]
SchroedingerParameters: ml = 0.62996099999999999, instead of: 0 [1]
SchroedingerParameters: mh = 0.62996099999999999, instead of: 0 [1]

done.


=======
Region: "R.Oxide"
  (material is "HfO2")
=======
  Using default lattice crystal coordinate system:
    effective LatticeParameters:
      X = (1, 0.0000e+00, 0.0000e+00)
      Y = (0.0000e+00, 1, 0.0000e+00)
      Z = (0.0000e+00, 0.0000e+00, 1)
  Constants are not modified and equal to default ones

==========
Electrode: "bottom"
==========
  Constants are not modified and equal to default ones

==========
Electrode: "top"
==========
  Constants are not modified and equal to default ones


No individual doping species found in doping file!
Recognized doping species are:
    acceptors:
        BoronConcentration
        AluminumConcentration
        IndiumConcentration
        PDopantConcentration
        BoronActiveConcentration
        AluminumActiveConcentration
        IndiumActiveConcentration
        PDopantActiveConcentration
        BerylliumConcentration
        BerylliumActiveConcentration
        pCarbonConcentration
        pCarbonActiveConcentration
        pGermaniumConcentration
        pGermaniumActiveConcentration
        pMagnesiumConcentration
        pMagnesiumActiveConcentration
        pSiliconConcentration
        pSiliconActiveConcentration
        pTinConcentration
        pTinActiveConcentration
        ZincConcentration
        ZincActiveConcentration
    donors:
        ArsenicConcentration
        PhosphorusConcentration
        AntimonyConcentration
        NitrogenConcentration
        NDopantConcentration
        ArsenicActiveConcentration
        PhosphorusActiveConcentration
        AntimonyActiveConcentration
        NitrogenActiveConcentration
        NDopantActiveConcentration
        nCarbonConcentration
        nCarbonActiveConcentration
        nGermaniumConcentration
        nGermaniumActiveConcentration
        nSiliconConcentration
        nSiliconActiveConcentration
        nTinConcentration
        nTinActiveConcentration
        SeleniumConcentration
        SeleniumActiveConcentration
        SulfurConcentration
        SulfurActiveConcentration
        TelluriumConcentration
        TelluriumActiveConcentration

Acceptor and donor concentrations (AcceptorConcentration, DonorConcentration):
    computed based on net doping
Net doping concentration (DopingConcentration):
    not found in doping file
Total doping concentration (TotalConcentration):
    not found in doping file



With Constant Reference Potential:
  The Constant Reference Potential: 4.6453

===============================
Starting solve of next problem:
 Poisson
===============================

Computing poisson-equation 
using Bank/Rose nonlinear solver.

Iteration   |Rhs|      factor     |step|     error   #inner  #iterative  time
------------------------------------------------------------------------------

Error: No valid electron BarrierTunneling mass has been specified for region 'R.Oxide'. !

Finished, because...
An error was caught.

Mon Feb  9 08:50:28 2026: checked in 1 sdevice-traps license(s)
Mon Feb  9 08:50:28 2026: checked in 1 sdevice license(s)
