Using total concentrations for net doping
** Generating 2d grid **

Creating binary tree...done.
Imprinting binary tree on the boundary...done.
Optimizing boundary nodes...done.

Number of vertices after binary tree generation : 
  4 (tree) + 4 (boundary)

** Delaunizing the mesh **

Creating delaunizer input...done.
Solving edges...done 
Optimizing elements...done. (8 vertices)
Fixing diagonals...done.

The final mesh has: 
       4 points.
       2 elements.
       3 regions.
Max. connectivity = 2 located at (-0;-0)


==============================  tri-grid quality  ================================
    0  10  20  30  40  50  60  70  80  90 100 110 120 130 140 150 160 170 180
 %       33                          33  33                                
---------------------------------------------------------------------------------
minAngle: 5.71059  maxAngle: 90
nVerts = 4  nTris = 2  nMats = 1
max connectivity (tris per node): 2 [near (-0 -0)]
bmin: -0 -0
bmax: 0.1 0.01
min edgeLength: 0.01  [near (-0 0.005)]
min volume: 0.0005  max volume: 0.0005  Total volume: 0.001
bbox  volume: 0.001
Are all boundaries on bbox? true
=================================================================================

Smallest region: R.Oxide  Total volume: 0.001
Interpolating data...done.

===============================  Timer Report===================================
              Total Mesh Generation Time:   0.00182s       100%
                       Rate of #Vertices:   2.2e+03
                          Rate of #Edges:   2.2e+03
                          Rate of #Faces:   1.1e+03
                       Rate of #Elements:         0

                            Time Covered:         0s         0%

