Cadence IC23.10.140 + Spectre23.10.802 ready
  virtuoso: /CMC/tools/cadence/IC23.10.140_lnx86/tools.lnx86/dfII/bin/virtuoso
  ocean:    /CMC/tools/cadence/IC23.10.140_lnx86/tools.lnx86/dfII/bin/ocean
  spectre:  /CMC/tools/cadence/SPECTRE23.10.802_lnx86/tools.lnx86/spectre/bin/spectre
  license:  LM_LICENSE_FILE=<unset> CDS_LIC_FILE=6055@licaccess.cmc.ca
========================================
GPU Building Blocks - Build & Test
========================================

Building Level 5: CMOS primitives
==================================
[1;33m=== Building inverter ===[0m
Running Spectre simulation...
Time spent in licensing: elapsed = 312 ms, percentage of total = 57.7%.
Peak memory used = 188 Mbytes.
Simulation started at: 10:18:38 PM, Sat Jan 31, 2026, ended at: 10:18:38 PM,
        Sat Jan 31, 2026, with elapsed time (wall clock): 540 ms.
spectre completes with 0 errors, 2 warnings, and 16 notices.
[0;32mSimulation: OK[0m
Running OCEAN verification...
> Done. Results in: ~/analog-gradients/results/inverter_verify.txt
[0;32mVerification: PASS[0m

[1;33m=== Building nand2 ===[0m
Running Spectre simulation...
Time spent in licensing: elapsed = 938 ms, percentage of total = 100%.
Peak memory used = 194 Mbytes.
Simulation started at: 10:18:47 PM, Sat Jan 31, 2026, ended at: 10:18:48 PM,
        Sat Jan 31, 2026, with elapsed time (wall clock): 938 ms.
spectre completes with 0 errors, 2 warnings, and 16 notices.
[0;32mSimulation: OK[0m
Running OCEAN verification...
> NAND2 test done.
[0;32mVerification: PASS[0m

[1;33m=== Building nor2 ===[0m
Running Spectre simulation...
Time spent in licensing: elapsed = 498 ms, percentage of total = 79.1%.
Peak memory used = 187 Mbytes.
Simulation started at: 10:18:55 PM, Sat Jan 31, 2026, ended at: 10:18:55 PM,
        Sat Jan 31, 2026, with elapsed time (wall clock): 630 ms.
spectre completes with 0 errors, 2 warnings, and 16 notices.
[0;32mSimulation: OK[0m
Running OCEAN verification...
> NOR2 test done.
[0;32mVerification: PASS[0m


Building Level 4: Logic gates
==================================
[1;33m=== Building and2 ===[0m
Running Spectre simulation...
Time spent in licensing: elapsed = 699 ms, percentage of total = 94.8%.
Peak memory used = 192 Mbytes.
Simulation started at: 10:19:03 PM, Sat Jan 31, 2026, ended at: 10:19:03 PM,
        Sat Jan 31, 2026, with elapsed time (wall clock): 737 ms.
spectre completes with 0 errors, 2 warnings, and 16 notices.
[0;32mSimulation: OK[0m
Running OCEAN verification...
> AND2 test done.
[0;32mVerification: PASS[0m

[1;33m=== Building or2 ===[0m
Running Spectre simulation...
Time spent in licensing: elapsed = 499 ms, percentage of total = 78.6%.
Peak memory used = 187 Mbytes.
Simulation started at: 10:19:11 PM, Sat Jan 31, 2026, ended at: 10:19:11 PM,
        Sat Jan 31, 2026, with elapsed time (wall clock): 634 ms.
spectre completes with 0 errors, 2 warnings, and 16 notices.
[0;32mSimulation: OK[0m
Running OCEAN verification...
> OR2 test done.
[0;32mVerification: PASS[0m

[1;33m=== Building xor2 ===[0m
Running Spectre simulation...
Time spent in licensing: elapsed = 701 ms, percentage of total = 96.8%.
Peak memory used = 190 Mbytes.
Simulation started at: 10:19:19 PM, Sat Jan 31, 2026, ended at: 10:19:19 PM,
        Sat Jan 31, 2026, with elapsed time (wall clock): 724 ms.
spectre completes with 0 errors, 2 warnings, and 16 notices.
[0;32mSimulation: OK[0m
Running OCEAN verification...
> XOR2 test done.
[0;32mVerification: PASS[0m

[1;33m=== Building xnor2 ===[0m
Running Spectre simulation...
Time spent in licensing: elapsed = 497 ms, percentage of total = 79%.
Peak memory used = 190 Mbytes.
Simulation started at: 10:19:27 PM, Sat Jan 31, 2026, ended at: 10:19:27 PM,
        Sat Jan 31, 2026, with elapsed time (wall clock): 629 ms.
spectre completes with 0 errors, 2 warnings, and 16 notices.
[0;32mSimulation: OK[0m
Running OCEAN verification...
> XNOR2 test done.
[0;32mVerification: PASS[0m


Building Level 3: Blocks
==================================
[1;33m=== Building mux2 ===[0m
Running Spectre simulation...
Time spent in licensing: elapsed = 703 ms, percentage of total = 95.1%.
Peak memory used = 188 Mbytes.
Simulation started at: 10:19:45 PM, Sat Jan 31, 2026, ended at: 10:19:45 PM,
        Sat Jan 31, 2026, with elapsed time (wall clock): 739 ms.
spectre completes with 0 errors, 2 warnings, and 16 notices.
[0;32mSimulation: OK[0m
Running OCEAN verification...
> MUX2 test done.
[0;32mVerification: PASS[0m

[1;33m=== Building half_adder ===[0m
Running Spectre simulation...
Time spent in licensing: elapsed = 295 ms, percentage of total = 55.2%.
Peak memory used = 189 Mbytes.
Simulation started at: 10:19:53 PM, Sat Jan 31, 2026, ended at: 10:19:54 PM,
        Sat Jan 31, 2026, with elapsed time (wall clock): 535 ms.
spectre completes with 0 errors, 2 warnings, and 16 notices.
[0;32mSimulation: OK[0m
Running OCEAN verification...
> HALF ADDER test done.
[0;32mVerification: PASS[0m

[1;33m=== Building full_adder ===[0m
Running Spectre simulation...
Time spent in licensing: elapsed = 297 ms, percentage of total = 54.7%.
Peak memory used = 190 Mbytes.
Simulation started at: 10:20:01 PM, Sat Jan 31, 2026, ended at: 10:20:01 PM,
        Sat Jan 31, 2026, with elapsed time (wall clock): 542 ms.
spectre completes with 0 errors, 2 warnings, and 16 notices.
[0;32mSimulation: OK[0m
Running OCEAN verification...
> FULL ADDER test done.
[0;32mVerification: PASS[0m


Building Level 2: RTL Components
==================================
[1;33m=== Building alu1 ===[0m
Running Spectre simulation...
Time spent in licensing: elapsed = 306 ms, percentage of total = 55.7%.
Peak memory used = 193 Mbytes.
Simulation started at: 10:20:09 PM, Sat Jan 31, 2026, ended at: 10:20:10 PM,
        Sat Jan 31, 2026, with elapsed time (wall clock): 550 ms.
spectre completes with 0 errors, 2 warnings, and 16 notices.
[0;32mSimulation: OK[0m
Running OCEAN verification...
> ALU1 test done.
[0;32mVerification: PASS[0m

[1;33m=== Building alu4 ===[0m
Running Spectre simulation...
Time spent in licensing: elapsed = 300 ms, percentage of total = 47.4%.
Peak memory used = 197 Mbytes.
Simulation started at: 10:20:17 PM, Sat Jan 31, 2026, ended at: 10:20:18 PM,
        Sat Jan 31, 2026, with elapsed time (wall clock): 632 ms.
spectre completes with 0 errors, 2 warnings, and 19 notices.
[0;32mSimulation: OK[0m
Running OCEAN verification...
> ALU4 test done.
[0;32mVerification: PASS[0m


Building Level 1: Functional Blocks
==================================
[1;33m=== Building pe1 ===[0m
Running Spectre simulation...
Time spent in licensing: elapsed = 295 ms, percentage of total = 46.5%.
Peak memory used = 195 Mbytes.
Simulation started at: 10:20:25 PM, Sat Jan 31, 2026, ended at: 10:20:26 PM,
        Sat Jan 31, 2026, with elapsed time (wall clock): 634 ms.
spectre completes with 0 errors, 2 warnings, and 19 notices.
[0;32mSimulation: OK[0m
Running OCEAN verification...
> PE1 test done.
[0;32mVerification: PASS[0m

[1;33m=== Building pe4 ===[0m
Running Spectre simulation...
Time spent in licensing: elapsed = 292 ms, percentage of total = 26.3%.
Peak memory used = 201 Mbytes.
Simulation started at: 10:20:33 PM, Sat Jan 31, 2026, ended at: 10:20:34 PM,
        Sat Jan 31, 2026, with elapsed time (wall clock): 1.11 s.
spectre completes with 0 errors, 2 warnings, and 22 notices.
[0;32mSimulation: OK[0m
Running OCEAN verification...
> PE4 test done.
[0;32mVerification: PASS[0m


Building Level 0: System
==================================
[1;33m=== Building gpu_core ===[0m
Running Spectre simulation...
Time spent in licensing: elapsed = 706 ms, percentage of total = 54%.
Peak memory used = 201 Mbytes.
Simulation started at: 10:20:42 PM, Sat Jan 31, 2026, ended at: 10:20:43 PM,
        Sat Jan 31, 2026, with elapsed time (wall clock): 1.31 s.
spectre completes with 0 errors, 2 warnings, and 22 notices.
[0;32mSimulation: OK[0m
Running OCEAN verification...
> GPU core test done.
[0;32mVerification: PASS[0m

==================================
[0;32mAll Level 0-5 components verified![0m
