2026/02/02 22:44:00 INFO (/CMC/tools/cadence/IC23.10.140_lnx86/tools.lnx86/bin/cdnsEnvCheck): Rocky Linux release 8.10 (Green Obsidian) detected (set environment variable CDS_SKIP_OS_CHECK_ON_STARTUP=1 to suppress).
COPYRIGHT (C) 1992-2025  CADENCE DESIGN SYSTEMS INC.  ALL RIGHTS RESERVED.
          (C) 1992-2025  UNIX SYSTEMS Laboratories INC.,
                         Reproduced with permission.

This Cadence Design Systems program and online documentation are
proprietary/confidential information and may be disclosed/used only
as authorized in a license agreement controlling such use and disclosure.

          RESTRICTED RIGHTS NOTICE (SHORT FORM)
Use/reproduction/disclosure is subject to restriction
set forth at FAR 1252.227-19 or its equivalent.
Loading geView.cxt 
Loading menuBuilder.cxt 
Loading im.cxt 
Loading schView.cxt 
Loading selectSv.cxt 
Loading wireEdit.cxt 
Loading pte2.cxt 
Loading xlUI.cxt 
Loading auCore.cxt 
Loading vhdl.cxt 
Loading seismic.cxt 
Loading ci.cxt 
Loading layers.cxt 
Loading drv.cxt 
Loading ams.cxt 
Loading adexlDM.cxt 
Loading cpf.cxt 
Loading cli.cxt 
Loading lp.cxt 
Loading sipLayout.cxt 
Loading viva.cxt 
Loading diagCenter.cxt 
INFO (ELI-00333) License program mode is Virtuoso.
Virtuoso Framework License (111) was checked out successfully. Total checkout time was 0.10s.
> Loading le.cxt 
Loading tilp.cxt 
Loading validator.cxt 
Loading vrf.cxt 
Loading multiTechPlugin.cxt 
Loading exportDie.cxt 
2026/02/02 22:44:04 INFO (/CMC/tools/cadence/IC23.10.140_lnx86/tools.lnx86/bin/cdnsEnvCheck): Rocky Linux release 8.10 (Green Obsidian) detected (set environment variable CDS_SKIP_OS_CHECK_ON_STARTUP=1 to suppress).
2026/02/02 22:44:04 INFO (/CMC/tools/cadence/IC23.10.140_lnx86/tools.lnx86/bin/cdnsEnvCheck): Rocky Linux release 8.10 (Green Obsidian) detected (set environment variable CDS_SKIP_OS_CHECK_ON_STARTUP=1 to suppress).
> > > "/home/v71349/analog-gradients/results/lif_neuron_corners/20260202_224254/rleak_12M_iin_600u/lif_neuron.raw"
> "/home/v71349/analog-gradients/competition/analysis/lif_corners/20260202_224254/rleak_12M_iin_600u/lif_neuron_waveform.csv"
> "/home/v71349/analog-gradients/competition/analysis/lif_corners/20260202_224254/rleak_12M_iin_600u/lif_energy_trace.csv"
> > nil
> nil
> nil
> > Loading oasis.cxt 
Loading dal.cxt 
Loading awv.cxt 
Loading vdsil.cxt 
Loading analog.cxt 
Loading asimenv.cxt 
Loading spectrei.cxt 
Loading adexlCore.cxt 
Loading socket.cxt 
Loading par.cxt 
Loading alvs.cxt 
Loading caa.cxt 
Loading amps.cxt 
Loading adexl.cxt 
Loading te.cxt 
Loading schHDL.cxt 
Loading devCheck.cxt 
Loading relXpert.cxt 
Loading simui.cxt 
spectre
> "/home/v71349/analog-gradients/results/lif_neuron_corners/20260202_224254/rleak_12M_iin_600u/lif_neuron.raw"
> stdobj@0x3f833038
> > srrWave:0x3fdf9020
> srrWave:0x3fdf9030
> srrWave:0x3fdf9040
> srrWave:0x3fdf9050
> > Done. Extracted corner waveform and energy trace.
t
> > 