
Power Net Detected:
        Voltage	    Name
             0V	    VSS
           0.9V	    VDD
Using Power View: VIEW.
Set Default Frequency 100MHz.

Begin Power Analysis

             0V	    VSS
           0.9V	    VDD

Begin Processing Timing Library for Power Calculation

Begin Processing Timing Library for Power Calculation



Begin Processing Power Net/Grid for Power Calculation

Ended Processing Power Net/Grid for Power Calculation: (cpu=0:00:00, real=0:00:00, mem(process/total/peak)=1576.66MB/3256.89MB/1576.66MB)

Begin Processing Timing Window Data for Power Calculation

Ended Processing Timing Window Data for Power Calculation: (cpu=0:00:00, real=0:00:00, mem(process/total/peak)=1576.66MB/3256.89MB/1576.66MB)

Begin Processing User Attributes

Ended Processing User Attributes: (cpu=0:00:00, real=0:00:00, mem(process/total/peak)=1576.66MB/3256.89MB/1576.66MB)

Begin Processing Signal Activity


Starting Levelizing
2026-Feb-02 14:34:13 (2026-Feb-02 19:34:13 GMT)
2026-Feb-02 14:34:13 (2026-Feb-02 19:34:13 GMT): 10%
2026-Feb-02 14:34:13 (2026-Feb-02 19:34:13 GMT): 20%
2026-Feb-02 14:34:13 (2026-Feb-02 19:34:13 GMT): 30%
2026-Feb-02 14:34:13 (2026-Feb-02 19:34:13 GMT): 40%
2026-Feb-02 14:34:13 (2026-Feb-02 19:34:13 GMT): 50%
2026-Feb-02 14:34:13 (2026-Feb-02 19:34:13 GMT): 60%
2026-Feb-02 14:34:13 (2026-Feb-02 19:34:13 GMT): 70%
2026-Feb-02 14:34:13 (2026-Feb-02 19:34:13 GMT): 80%
2026-Feb-02 14:34:13 (2026-Feb-02 19:34:13 GMT): 90%

Finished Levelizing
2026-Feb-02 14:34:13 (2026-Feb-02 19:34:13 GMT)

Starting Activity Propagation
2026-Feb-02 14:34:13 (2026-Feb-02 19:34:13 GMT)
** INFO:  (VOLTUS_POWR-1356): No default input activity has been set. Defaulting to 0.2.
Use 'set_default_switching_activity -input_activity' command to change the default activity value.

2026-Feb-02 14:34:13 (2026-Feb-02 19:34:13 GMT): 10%
2026-Feb-02 14:34:13 (2026-Feb-02 19:34:13 GMT): 20%
2026-Feb-02 14:34:13 (2026-Feb-02 19:34:13 GMT): 30%
2026-Feb-02 14:34:13 (2026-Feb-02 19:34:13 GMT): 40%
2026-Feb-02 14:34:13 (2026-Feb-02 19:34:13 GMT): 50%

Finished Activity Propagation
2026-Feb-02 14:34:13 (2026-Feb-02 19:34:13 GMT)
Ended Processing Signal Activity: (cpu=0:00:00, real=0:00:00, mem(process/total/peak)=1576.66MB/3256.89MB/1576.66MB)

Begin Power Computation

      ----------------------------------------------------------
      # of cell(s) missing both power/leakage table: 0
      # of cell(s) missing power table: 0
      # of cell(s) missing leakage table: 0
      ----------------------------------------------------------



Starting Calculating power
2026-Feb-02 14:34:13 (2026-Feb-02 19:34:13 GMT)
 ... Calculating switching power
2026-Feb-02 14:34:13 (2026-Feb-02 19:34:13 GMT): 10%
2026-Feb-02 14:34:13 (2026-Feb-02 19:34:13 GMT): 20%
2026-Feb-02 14:34:13 (2026-Feb-02 19:34:13 GMT): 30%
2026-Feb-02 14:34:13 (2026-Feb-02 19:34:13 GMT): 40%
2026-Feb-02 14:34:13 (2026-Feb-02 19:34:13 GMT): 50%
2026-Feb-02 14:34:13 (2026-Feb-02 19:34:13 GMT): 60%
 ... Calculating internal and leakage power
2026-Feb-02 14:34:13 (2026-Feb-02 19:34:13 GMT): 70%
2026-Feb-02 14:34:13 (2026-Feb-02 19:34:13 GMT): 80%
2026-Feb-02 14:34:13 (2026-Feb-02 19:34:13 GMT): 90%

Finished Calculating power
2026-Feb-02 14:34:13 (2026-Feb-02 19:34:13 GMT)
      # of MSMV cell(s) missing power_level: 0
Ended Power Computation: (cpu=0:00:00, real=0:00:00, mem(process/total/peak)=1578.53MB/3264.89MB/1578.53MB)

Begin Processing User Attributes

Ended Processing User Attributes: (cpu=0:00:00, real=0:00:00, mem(process/total/peak)=1578.53MB/3264.89MB/1578.53MB)

Ended Power Analysis: (cpu=0:00:00, real=0:00:00, mem(process/total/peak)=1578.53MB/3264.89MB/1578.53MB)

Begin Boundary Leakage Calculation
Ended Boundary Leakage Calculation: (cpu=0:00:00, real=0:00:00,
mem(process/total/peak)=1578.53MB/3264.89MB/1578.53MB)
Begin Static Power Report Generation
*----------------------------------------------------------------------------------------
*	Innovus 21.17-s075_1 (64bit) 03/15/2023 11:17 (Linux 3.10.0-693.el7.x86_64)
*	
*
* 	Date & Time:	2026-Feb-02 14:34:13 (2026-Feb-02 19:34:13 GMT)
*
*----------------------------------------------------------------------------------------
*
*	Design: alu4_flow_demo
*
*	Liberty Libraries used:
*	        VIEW: /CMC/kits/cadence/GPDK045/gsclib045_all_v4.4/gsclib045/timing/slow_vdd1v0_basicCells.lib
*
*	Parasitic Files used:
*
*       Power View : VIEW
*
*       User-Defined Activity : N.A.
*
*       Activity File: N.A.
*
*       Hierarchical Global Activity: N.A.
*
*       Global Activity: N.A.
*
*       Sequential Element Activity: N.A.
*
*       Primary Input Activity: 0.200000
*
*       Default icg ratio: N.A.
*
*       Global Comb ClockGate Ratio: N.A.
*
*	Power Units = 1mW
*
*	Time Units = 1e-09 secs
*
*       report_power
*
-----------------------------------------------------------------------------------------
*



Total Power
-----------------------------------------------------------------------------------------
Total Internal Power:        0.00017734 	   25.4607%
Total Switching Power:       0.00051869 	   74.4701%
Total Leakage Power:         0.00000048 	    0.0692%
Total Power:                 0.00069651
-----------------------------------------------------------------------------------------


Group                           Internal   Switching     Leakage       Total  Percentage 
                                Power      Power         Power         Power  (%)        
-----------------------------------------------------------------------------------------
Sequential                             0           0           0           0           0
Macro                                  0           0           0           0           0
IO                                     0           0           0           0           0
Combinational                  0.0001773   0.0005187   4.819e-07   0.0006965         100
Clock (Combinational)                  0           0           0           0           0
Clock (Sequential)                     0           0           0           0           0
-----------------------------------------------------------------------------------------
Total                          0.0001773   0.0005187   4.819e-07   0.0006965         100
-----------------------------------------------------------------------------------------


Rail                  Voltage   Internal   Switching     Leakage       Total  Percentage 
                                Power      Power         Power         Power  (%)        
-----------------------------------------------------------------------------------------
VDD                       0.9  0.0001773   0.0005187   4.819e-07   0.0006965         100
 
 
-----------------------------------------------------------------------------------------
*	Power Distribution Summary: 
*              Highest Average Power:                    u_xor4 (XOR2X1):        0.0001239
*              Highest Leakage Power:                    u_xor4 (XOR2X1):        6.393e-08
*                Total Cap:      5.15359e-14 F
*                Total instances in design:    10
*                Total instances in design with no power:     0
*                Total instances in design with no activty:     0

*                Total Fillers and Decap:     0
-----------------------------------------------------------------------------------------
 
** INFO:  (VOLTUS_POWR-3465): There are 0 decaps and 0 fillers in the design

Ended Static Power Report Generation: (cpu=0:00:00, real=0:00:00,
mem(process/total/peak)=1578.53MB/3264.89MB/1578.53MB)

